"../../../../Projets/UnlessRunner/Content/Mannequin/Character/Mesh/SK_Mannequin_Skeleton.uasset" 0
"../../../../Projets/UnlessRunner/Content/Mannequin/Animations/ThirdPerson_Jump.uasset" 1
"../../../../Projets/UnlessRunner/Content/Mannequin/Character/Mesh/SK_Mannequin_PhysicsAsset.uasset" 2
"../../../../Projets/UnlessRunner/Content/MobileStarterContent/Materials/M_Basic_Wall.uasset" 3
"../../../../Projets/UnlessRunner/Content/MobileStarterContent/Architecture/Pillar_50x500.uasset" 4
"../../../../Projets/UnlessRunner/Content/MobileStarterContent/Architecture/Wall_400x300.uasset" 5
"../../../../Projets/UnlessRunner/Content/MobileStarterContent/Architecture/Wall_400x400.uasset" 6
"../../../../Projets/UnlessRunner/Content/MobileStarterContent/Architecture/Wall_500x500.uasset" 7
"../../../../Projets/UnlessRunner/Content/MobileStarterContent/Architecture/Wall_Door_400x400.uasset" 8
"../../../../Projets/UnlessRunner/Content/MobileStarterContent/Architecture/Wall_Window_400x400.uasset" 9
"../../../../Projets/UnlessRunner/Content/MobileStarterContent/Audio/Light01.uasset" 10
"../../../../Projets/UnlessRunner/Content/MobileStarterContent/Audio/Light01_Cue.uasset" 11
"../../../../Projets/UnlessRunner/Content/MobileStarterContent/Audio/Light02.uasset" 12
"../../../../Projets/UnlessRunner/Content/MobileStarterContent/Audio/Light02_Cue.uasset" 13
"../../../../Projets/UnlessRunner/Content/MobileStarterContent/Audio/Steam01.uasset" 14
"../../../../Projets/UnlessRunner/Content/MobileStarterContent/Audio/Steam01_Cue.uasset" 15
"../../../../Projets/UnlessRunner/Content/MobileStarterContent/Audio/Explosion01.uasset" 16
"../../../../Projets/UnlessRunner/Content/MobileStarterContent/Audio/Explosion02.uasset" 17
"../../../../Projets/UnlessRunner/Content/MobileStarterContent/Audio/Explosion_Cue.uasset" 18
"../../../../Projets/UnlessRunner/Content/MobileStarterContent/Textures/T_Burst_M.uasset" 19
"../../../../Projets/UnlessRunner/Content/MobileStarterContent/Particles/Materials/M_Burst.uasset" 20
"../../../../Projets/UnlessRunner/Content/MobileStarterContent/Textures/T_Explosion_SubUV.uasset" 21
"../../../../Projets/UnlessRunner/Content/MobileStarterContent/Particles/Materials/M_explosion_subUV.uasset" 22
"../../../../Projets/UnlessRunner/Content/MobileStarterContent/Particles/Materials/m_flare_01.uasset" 23
"../../../Engine/Content/Functions/Engine_MaterialFunctions01/Gradient/RadialGradient.uasset" 24
"../../../../Projets/UnlessRunner/Content/MobileStarterContent/Particles/Materials/M_radial_ramp.uasset" 25
"../../../../Projets/UnlessRunner/Content/MobileStarterContent/Textures/T_Smoke_SubUV.uasset" 26
"../../../../Projets/UnlessRunner/Content/MobileStarterContent/Textures/T_Smoke_Tiled_D.uasset" 27
"../../../../Projets/UnlessRunner/Content/MobileStarterContent/Particles/Materials/M_smoke_subUV.uasset" 28
"../../../../Projets/UnlessRunner/Content/MobileStarterContent/Particles/P_Explosion.uasset" 29
"../../../../Projets/UnlessRunner/Content/MobileStarterContent/Blueprints/Blueprint_Effect_Explosion.uasset" 30
"../../../../Projets/UnlessRunner/Content/MobileStarterContent/Textures/T_Bush_D.uasset" 31
"../../../../Projets/UnlessRunner/Content/MobileStarterContent/Textures/T_Bush_N.uasset" 32
"../../../../Projets/UnlessRunner/Content/MobileStarterContent/Props/Materials/M_Bush.uasset" 33
"../../../../Projets/UnlessRunner/Content/MobileStarterContent/Props/SM_Bush.uasset" 34
"../../../../Projets/UnlessRunner/Content/MobileStarterContent/Textures/T_Chair_M.uasset" 35
"../../../../Projets/UnlessRunner/Content/MobileStarterContent/Textures/T_Chair_N.uasset" 36
"../../../../Projets/UnlessRunner/Content/MobileStarterContent/Props/Materials/M_Chair.uasset" 37
"../../../../Projets/UnlessRunner/Content/MobileStarterContent/Props/SM_Couch.uasset" 38
"../../../../Projets/UnlessRunner/Content/MobileStarterContent/Materials/M_Glass.uasset" 39
"../../../../Projets/UnlessRunner/Content/MobileStarterContent/Textures/T_Door_M.uasset" 40
"../../../../Projets/UnlessRunner/Content/MobileStarterContent/Textures/T_Door_N.uasset" 41
"../../../../Projets/UnlessRunner/Content/MobileStarterContent/Props/Materials/M_Door.uasset" 42
"../../../../Projets/UnlessRunner/Content/MobileStarterContent/Props/SM_Door.uasset" 43
"../../../../Projets/UnlessRunner/Content/MobileStarterContent/Props/Materials/M_MaterialSphere.uasset" 44
"../../../../Projets/UnlessRunner/Content/MobileStarterContent/Props/Materials/M_MaterialSphere_Plain.uasset" 45
"../../../../Projets/UnlessRunner/Content/MobileStarterContent/Props/SM_MatPreviewMesh_02.uasset" 46
"../../../../Projets/UnlessRunner/Content/MobileStarterContent/Textures/T_Rock_Basalt_D.uasset" 47
"../../../../Projets/UnlessRunner/Content/MobileStarterContent/Textures/T_RockMesh_M.uasset" 48
"../../../../Projets/UnlessRunner/Content/MobileStarterContent/Textures/T_RockMesh_N.uasset" 49
"../../../../Projets/UnlessRunner/Content/MobileStarterContent/Props/Materials/M_Rock.uasset" 50
"../../../../Projets/UnlessRunner/Content/MobileStarterContent/Props/SM_Rock.uasset" 51
"../../../../Projets/UnlessRunner/Content/MobileStarterContent/Textures/T_Shelf_M.uasset" 52
"../../../../Projets/UnlessRunner/Content/MobileStarterContent/Textures/T_Shelf_N.uasset" 53
"../../../../Projets/UnlessRunner/Content/MobileStarterContent/Props/Materials/M_Shelf.uasset" 54
"../../../../Projets/UnlessRunner/Content/MobileStarterContent/Props/SM_Shelf.uasset" 55
"../../../../Projets/UnlessRunner/Content/MobileStarterContent/Props/SM_Stairs.uasset" 56
"../../../../Projets/UnlessRunner/Content/MobileStarterContent/Shapes/Shape_Cone.uasset" 57
"../../../../Projets/UnlessRunner/Content/MobileStarterContent/Shapes/Shape_Cylinder.uasset" 58
"../../../../Projets/UnlessRunner/Content/MobileStarterContent/Shapes/Shape_NarrowCapsule.uasset" 59
"../../../../Projets/UnlessRunner/Content/MobileStarterContent/Shapes/Shape_Pipe.uasset" 60
"../../../../Projets/UnlessRunner/Content/MobileStarterContent/Shapes/Shape_Pipe_180.uasset" 61
"../../../../Projets/UnlessRunner/Content/MobileStarterContent/Shapes/Shape_Pipe_90.uasset" 62
"../../../../Projets/UnlessRunner/Content/MobileStarterContent/Shapes/Shape_Plane.uasset" 63
"../../../../Projets/UnlessRunner/Content/MobileStarterContent/Shapes/Shape_Torus.uasset" 64
"../../../../Projets/UnlessRunner/Content/MobileStarterContent/Shapes/Shape_Trim.uasset" 65
"../../../../Projets/UnlessRunner/Content/MobileStarterContent/Shapes/Shape_Trim_90_In.uasset" 66
"../../../../Projets/UnlessRunner/Content/MobileStarterContent/Shapes/Shape_Trim_90_Out.uasset" 67
"../../../../Projets/UnlessRunner/Content/MobileStarterContent/Shapes/Shape_TriPyramid.uasset" 68
"../../../../Projets/UnlessRunner/Content/MobileStarterContent/Shapes/Shape_Tube.uasset" 69
"../../../../Projets/UnlessRunner/Content/MobileStarterContent/Shapes/Shape_Wedge_A.uasset" 70
"../../../../Projets/UnlessRunner/Content/MobileStarterContent/Shapes/Shape_Wedge_B.uasset" 71
"../../../../Projets/UnlessRunner/Content/MobileStarterContent/Shapes/Shape_WideCapsule.uasset" 72
"../../../../Projets/UnlessRunner/Content/MobileStarterContent/Textures/T_CobbleStone_Pebble_M.uasset" 73
"../../../../Projets/UnlessRunner/Content/MobileStarterContent/Textures/T_Concrete_Tiles_Variation_M.uasset" 74
"../../../../Projets/UnlessRunner/Content/MobileStarterContent/Textures/T_Detail_Rocky_N.uasset" 75
"../../../../Projets/UnlessRunner/Content/MobileStarterContent/Textures/T_Gradinet_01.uasset" 76
"../../../../Projets/UnlessRunner/Content/MobileStarterContent/Textures/T_Perlin_Noise_M.uasset" 77
"../../../../Projets/UnlessRunner/Content/MobileStarterContent/Textures/T_Rock_Smooth_Granite_D.uasset" 78
"../../../../Projets/UnlessRunner/Content/RunnerFiles/Meshes/BaseColor.uasset" 79
"../../../../Projets/UnlessRunner/Content/RunnerFiles/Meshes/MagnetRed2.uasset" 80
"../../../../Projets/UnlessRunner/Content/RunnerFiles/Meshes/MagnetWhite.uasset" 81
"../../../../Projets/UnlessRunner/Content/RunnerFiles/Meshes/PipeMain.uasset" 82
"../../../../Projets/UnlessRunner/Content/RunnerFiles/UI/HUD/Background.uasset" 83
"../../../../Projets/UnlessRunner/Content/ThirdPerson/Meshes/RampMaterial.uasset" 84
"../../../../Projets/UnlessRunner/Content/ThirdPerson/Meshes/Bump_StaticMesh.uasset" 85
"../../../../Projets/UnlessRunner/Content/ThirdPerson/Meshes/Linear_Stair_StaticMesh.uasset" 86
"../../../../Projets/UnlessRunner/Content/ThirdPerson/Meshes/RightArm_StaticMesh.uasset" 87
"../../../Engine/Content/Functions/Engine_MaterialFunctions01/Opacity/CameraDepthFade.uasset" 88
"../../../Engine/Content/EngineMaterials/T_Default_Material_Grid_M.uasset" 89
"../../../Engine/Content/EngineMaterials/T_Default_Material_Grid_N.uasset" 90
"../../../Engine/Content/EngineMaterials/DefaultMaterial.uasset" 91
"../../../Engine/Content/BasicShapes/Cone.uasset" 92
"../../../Engine/Content/BasicShapes/Cylinder.uasset" 93
"../../../Engine/Content/EngineMaterials/WorldGridMaterial.uasset" 94
"../../../Engine/Content/BasicShapes/Plane.uasset" 95
"../../../Engine/Content/BasicShapes/Sphere.uasset" 96
"../../../Engine/Content/EditorLandscapeResources/DataLayer.uasset" 97
"../../../Engine/Content/EditorMaterials/GizmoMaterial.uasset" 98
"../../../Engine/Content/EditorMaterials/MAT_Groups_Toggle.uasset" 99
"../../../Engine/Content/EditorMaterials/MAT_Groups_Visibility.uasset" 100
"../../../Engine/Content/EditorMaterials/PreviewShadowIndicator.uasset" 101
"../../../Engine/Content/EditorMaterials/PreviewShadowIndicatorMaterial.uasset" 102
"../../../Engine/Content/EditorMaterials/MatineeGroups/MAT_ColorTrack.uasset" 103
"../../../Engine/Content/EditorMaterials/MatineeGroups/MAT_Groups_Anim.uasset" 104
"../../../Engine/Content/EditorMaterials/MatineeGroups/MAT_Groups_AudioMaster.uasset" 105
"../../../Engine/Content/EditorMaterials/MatineeGroups/MAT_Groups_Director.uasset" 106
"../../../Engine/Content/EditorMaterials/MatineeGroups/MAT_Groups_Event.uasset" 107
"../../../Engine/Content/EditorMaterials/MatineeGroups/MAT_Groups_Fade.uasset" 108
"../../../Engine/Content/EditorMaterials/MatineeGroups/MAT_Groups_Float.uasset" 109
"../../../Engine/Content/EditorMaterials/MatineeGroups/MAT_Groups_Move.uasset" 110
"../../../Engine/Content/EditorMaterials/MatineeGroups/MAT_Groups_Slomo.uasset" 111
"../../../Engine/Content/EditorMaterials/MatineeGroups/MAT_Groups_Sound.uasset" 112
"../../../Engine/Content/EditorMaterials/MatineeGroups/MAT_Groups_Vector.uasset" 113
"../../../Engine/Content/EditorMaterials/ParticleSystems/PSysThumbnail_NoImage.uasset" 114
"../../../Engine/Content/EditorMaterials/ParticleSystems/PSysThumbnail_OOD.uasset" 115
"../../../Engine/Content/EditorMaterials/Camera/CineMat.uasset" 116
"../../../Engine/Content/EditorMaterials/Camera/MI_CineMat_Rig.uasset" 117
"../../../Engine/Content/EditorMeshes/Camera/SM_CraneRig_Arm.uasset" 118
"../../../Engine/Content/EditorMeshes/Camera/SM_CraneRig_Base.uasset" 119
"../../../Engine/Content/EditorMeshes/Camera/SM_CraneRig_Body.uasset" 120
"../../../Engine/Content/EditorMeshes/Camera/SM_CraneRig_Mount.uasset" 121
"../../../Engine/Content/EditorMeshes/Camera/SM_RailRig_Mount.uasset" 122
"../../../Engine/Content/EditorMeshes/Camera/SM_RailRig_Track.uasset" 123
"../../../Engine/Content/EditorMeshes/ColorCalibrator/M_ChromeBall.uasset" 124
"../../../Engine/Content/EditorMeshes/ColorCalibrator/M_ClearCoat.uasset" 125
"../../../Engine/Content/EditorMeshes/ColorCalibrator/M_ClearCoatBlack.uasset" 126
"../../../Engine/Content/EditorMeshes/ColorCalibrator/Color_checker.uasset" 127
"../../../Engine/Content/EditorMeshes/ColorCalibrator/M_ColorGrid.uasset" 128
"../../../Engine/Content/EditorMeshes/ColorCalibrator/M_GreyBall.uasset" 129
"../../../Engine/Content/EditorMeshes/ColorCalibrator/SM_ColorCalibrator.uasset" 130
"../../../Engine/Content/EditorResources/BSPVertex.uasset" 131
"../../../Engine/Content/EditorResources/EmptyActor.uasset" 132
"../../../Engine/Content/EditorResources/S_Actor.uasset" 133
"../../../Engine/Content/EditorResources/S_Trigger.uasset" 134
"../../../Engine/Content/EditorResources/AudioIcons/S_AudioComponent.uasset" 135
"../../../Engine/Content/EditorResources/AudioIcons/S_AudioComponent_AutoActivate.uasset" 136
"../../../Engine/Content/EditorResources/LightIcons/S_LightError.uasset" 137
"../../../Engine/Content/EditorResources/SequenceRecorder/Countdown.uasset" 138
"../../../Engine/Content/EditorResources/SequenceRecorder/RecordingIndicator.uasset" 139
"../../../Engine/Content/EditorSounds/Notifications/CompileFailed.uasset" 140
"../../../Engine/Content/EditorSounds/Notifications/CompileFailed_Cue.uasset" 141
"../../../Engine/Content/EditorSounds/Notifications/CompileSuccess.uasset" 142
"../../../Engine/Content/EditorSounds/Notifications/CompileStart_Cue.uasset" 143
"../../../Engine/Content/EditorSounds/Notifications/CompileSuccess_Cue.uasset" 144
"../../../Engine/Content/EngineDamageTypes/DmgTypeBP_Environmental.uasset" 145
"../../../Engine/Content/EngineDebugMaterials/HeatmapGradient.uasset" 146
"../../../Engine/Content/EngineDebugMaterials/BoneWeightMaterial.uasset" 147
"../../../Engine/Content/EngineDebugMaterials/ClothMaterial.uasset" 148
"../../../Engine/Content/EngineDebugMaterials/ClothMaterial_WF.uasset" 149
"../../../Engine/Content/EngineDebugMaterials/DebugEditorMaterial.uasset" 150
"../../../Engine/Content/EngineDebugMaterials/DebugMeshMaterial.uasset" 151
"../../../Engine/Content/EngineDebugMaterials/GeomMaterial.uasset" 152
"../../../Engine/Content/EngineFonts/Faces/RobotoBold.uasset" 153
"../../../Engine/Content/EngineFonts/Faces/RobotoBoldItalic.uasset" 154
"../../../Engine/Content/EngineFonts/Faces/RobotoItalic.uasset" 155
"../../../Engine/Content/EngineFonts/Faces/RobotoLight.uasset" 156
"../../../Engine/Content/EngineFonts/Faces/RobotoRegular.uasset" 157
"../../../Engine/Content/EngineFonts/Roboto.uasset" 158
"../../../Engine/Content/EngineFonts/Faces/RobotoTiny.uasset" 159
"../../../Engine/Content/EngineFonts/RobotoTiny.uasset" 160
"../../../Engine/Content/EngineMaterials/DefaultBloomKernel.uasset" 161
"../../../Engine/Content/EngineMaterials/DefaultBokeh.uasset" 162
"../../../Engine/Content/EngineMaterials/DefaultDiffuse.uasset" 163
"../../../Engine/Content/EngineMaterials/DefaultDeferredDecalMaterial.uasset" 164
"../../../Engine/Content/EngineMaterials/DefaultLightFunctionMaterial.uasset" 165
"../../../Engine/Content/EngineMaterials/DefaultPhysicalMaterial.uasset" 166
"../../../Engine/Content/Functions/Engine_MaterialFunctions02/Utility/BreakOutFloat2Components.uasset" 167
"../../../Engine/Content/EngineMaterials/DefaultPostProcessMaterial.uasset" 168
"../../../Engine/Content/EngineFonts/RobotoDistanceField.uasset" 169
"../../../Engine/Content/EngineMaterials/DefaultTextMaterialOpaque.uasset" 170
"../../../Engine/Content/EngineMaterials/DefaultWhiteGrid.uasset" 171
"../../../Engine/Content/EngineMaterials/EditorBrushMaterial.uasset" 172
"../../../Engine/Content/EngineMaterials/Good64x64TilingNoiseHighFreq.uasset" 173
"../../../Engine/Content/EngineMaterials/MiniFont.uasset" 174
"../../../Engine/Content/EngineMaterials/InvalidLightmapSettings.uasset" 175
"../../../Engine/Content/EngineMaterials/M_InvalidLightmapSettings.uasset" 176
"../../../Engine/Content/Functions/Engine_MaterialFunctions02/WorldPositionOffset/CameraOffset.uasset" 177
"../../../Engine/Content/EngineMaterials/PhAT_JointLimitMaterial.uasset" 178
"../../../Engine/Content/EngineMaterials/PreintegratedSkinBRDF.uasset" 179
"../../../Engine/Content/EngineMaterials/RemoveSurfaceMaterial.uasset" 180
"../../../Engine/Content/EngineMaterials/WeightMapPlaceholderTexture.uasset" 181
"../../../Engine/Content/EngineResources/WhiteSquareTexture.uasset" 182
"../../../Engine/Content/EngineMaterials/Widget3DPassThrough.uasset" 183
"../../../Engine/Content/EngineMaterials/Widget3DPassThrough_Masked.uasset" 184
"../../../Engine/Content/EngineMaterials/Widget3DPassThrough_Opaque.uasset" 185
"../../../Engine/Content/EngineMaterials/Widget3DPassThrough_Masked_OneSided.uasset" 186
"../../../Engine/Content/EngineMaterials/Widget3DPassThrough_Opaque_OneSided.uasset" 187
"../../../Engine/Content/EngineMaterials/Widget3DPassThrough_Translucent.uasset" 188
"../../../Engine/Content/EngineMaterials/Widget3DPassThrough_Translucent_OneSided.uasset" 189
"../../../Engine/Content/EngineMeshes/Cube.uasset" 190
"../../../Engine/Content/EngineMeshes/Cylinder.uasset" 191
"../../../Engine/Content/EngineMeshes/Sphere.uasset" 192
"../../../Engine/Content/EngineResources/Black.uasset" 193
"../../../Engine/Content/EngineResources/DefaultTexture.uasset" 194
"../../../Engine/Content/EngineResources/DefaultTextureCube.uasset" 195
"../../../Engine/Content/EngineResources/GradientTexture0.uasset" 196
"../../../Engine/Content/EngineSounds/Master.uasset" 197
"../../../Engine/Content/Functions/Engine_MaterialFunctions01/Shading/ConvertFromDiffSpec.uasset" 198
"../../../Engine/Content/Functions/Engine_MaterialFunctions01/Shading/PowerToRoughness.uasset" 199
"../../../Engine/Content/Maps/Templates/Thumbnails/Default.uasset" 200
"../../../Engine/Content/Maps/Templates/Thumbnails/VR-Basic.uasset" 201
"../../../Engine/Content/MobileResources/T_MobileControls_texture.uasset" 202
"../../../Engine/Content/MobileResources/T_MobileMenu2.uasset" 203
"../../../Engine/Content/MobileResources/HUD/AnalogHat.uasset" 204
"../../../Engine/Content/MobileResources/HUD/VirtualJoystick_Background.uasset" 205
"../../../Engine/Content/MobileResources/HUD/VirtualJoystick_Thumb.uasset" 206
"../../../Engine/Content/MobileResources/HUD/DefaultVirtualJoysticks.uasset" 207
"../../../Engine/Content/MobileResources/HUD/LeftVirtualJoystickOnly.uasset" 208
"../../../Engine/Content/MobileResources/HUD/MobileHUDButton1_off.uasset" 209
"../../../Engine/Content/MobileResources/HUD/MobileHUDButton1_on.uasset" 210
"../../../Engine/Content/MobileResources/HUD/MobileHUDButton2_off.uasset" 211
"../../../Engine/Content/MobileResources/HUD/MobileHUDButton2_on.uasset" 212
"../../../Engine/Content/MobileResources/HUD/MobileHUDButton3.uasset" 213
"../../../Engine/Content/MobileResources/HUD/MobileHUDButtonFire.uasset" 214
"../../../Engine/Content/MobileResources/HUD/MobileHUDDirectionPad.uasset" 215
"../../../Engine/Content/MobileResources/HUD/MobileHUDDirectionPad2.uasset" 216
"../../../Engine/Content/MobileResources/HUD/MobileHUDDirectionPad3.uasset" 217
"../../../Engine/Content/MobileResources/HUD/MobileHUDDirectionStick.uasset" 218
"../../../Engine/Content/MobileResources/HUD/T_Castle_ThumbstickInner.uasset" 219
"../../../Engine/Content/MobileResources/HUD/T_Castle_ThumbstickOutter.uasset" 220
"../../../Engine/Content/Tutorial/ContentIntroCurve.uasset" 221
"../../../Engine/Content/Tutorial/Basics/TutorialAssets/icon_tab_Levels_40x.uasset" 222
"../../../Engine/Content/Tutorial/BlueprintTutorials/TutorialAssets/BlueprintInterface_64x.uasset" 223
"../../../Engine/Content/Tutorial/BlueprintTutorials/TutorialAssets/BlueprintMacroLibrary_64x.uasset" 224
"../../../Engine/Content/Tutorial/BlueprintTutorials/TutorialAssets/Blueprint_64x.uasset" 225
"../../../Engine/Content/Tutorial/BlueprintTutorials/TutorialAssets/Tutorial_BP_Interface.uasset" 226
"../../../Engine/Content/Tutorial/Foliage/TutorialAssets/Foliage.uasset" 227
"../../../Engine/Content/Tutorial/Landscape/TutorialAssets/Landscape.uasset" 228
"../../../Engine/Content/Tutorial/Mobile/TutorialAssets/android_Icon.uasset" 229
"../../../Engine/Content/Tutorial/Paper2D/TutorialAssets/Paper2DFlipbook_TutorialIcon.uasset" 230
"../../../Engine/Content/Tutorial/Paper2D/TutorialAssets/Paper2DSprite_TutorialIcon.uasset" 231
"../../../Engine/Content/Tutorial/SubEditors/TutorialAssets/icon_Editor_Preferences_General_40x.uasset" 232
"../../../Engine/Content/Tutorial/SubEditors/TutorialAssets/icon_ShowSkeletalMeshes_40x.uasset" 233
"../../../Engine/Content/Tutorial/SubEditors/TutorialAssets/TutorialMaterial.uasset" 234
"../../../Engine/Content/Tutorial/SubEditors/TutorialAssets/T_SmokeSubUV_8X8.uasset" 235
"../../../Engine/Content/Tutorial/SubEditors/TutorialAssets/T_soft_smoke.uasset" 236
"../../../Engine/Content/Tutorial/SubEditors/TutorialAssets/M_smoke_subUV_blackbody.uasset" 237
"../../../Engine/Content/Tutorial/SubEditors/TutorialAssets/TutorialParticleSystem.uasset" 238
"../../../Engine/Content/VREditor/Devices/Generic/GenericHMDMaterial.uasset" 239
"../../../Engine/Content/VREditor/Devices/Generic/GenericHMD.uasset" 240
"../../../Engine/Content/Functions/Engine_MaterialFunctions02/Utility/BreakOutFloat3Components.uasset" 241
"../../../Engine/Content/VREditor/Devices/Vive/VivePreController_MasksB.uasset" 242
"../../../Engine/Content/VREditor/Devices/Oculus/OculusControllerMaterial.uasset" 243
"../../../Engine/Content/VREditor/Devices/Oculus/OculusControllerMaterial_Inst.uasset" 244
"../../../Engine/Content/VREditor/Devices/Oculus/OculusControllerMesh.uasset" 245
"../../../Engine/Content/VREditor/Devices/Vive/T_VivePreController_EM.uasset" 246
"../../../Engine/Content/VREditor/Devices/Vive/VivePreController_MasksA.uasset" 247
"../../../Engine/Content/VREditor/Devices/Vive/VivePreControllerDiffuse.uasset" 248
"../../../Engine/Content/VREditor/Devices/Vive/VivePreControllerSpec.uasset" 249
"../../../Engine/Content/VREditor/LaserPointer/VR_LaserPower_01.uasset" 250
"../../../Engine/Content/VREditor/Devices/Vive/VivePreControllerMaterial.uasset" 251
"../../../Engine/Content/VREditor/Devices/Vive/VivePreControllerMaterial_Inst.uasset" 252
"../../../Engine/Content/VREditor/Devices/Vive/VivePreControllerMesh.uasset" 253
"../../../Engine/Content/VREditor/FloatingText/LineMaterial.uasset" 254
"../../../Engine/Content/VREditor/FloatingText/JointSphere.uasset" 255
"../../../Engine/Content/VREditor/FloatingText/LineSegmentCylinder.uasset" 256
"../../../Engine/Content/VREditor/Fonts/VRText_RobotoLarge.uasset" 257
"../../../Engine/Content/VREditor/Fonts/VRTextMaterial.uasset" 258
"../../../Engine/Content/VREditor/Fonts/TranslucentVRTextMaterial.uasset" 259
"../../../Engine/Content/VREditor/LaserPointer/CursorPointer.uasset" 260
"../../../Engine/Content/VREditor/TransformGizmo/TransformGizmoMaterial.uasset" 261
"../../../Engine/Content/VREditor/LaserPointer/HoverMaterial.uasset" 262
"../../../Engine/Content/VREditor/TransformGizmo/TranslucentTransformGizmoMaterial.uasset" 263
"../../../Engine/Content/VREditor/LaserPointer/TranslucentHoverMaterial.uasset" 264
"../../../Engine/Content/VREditor/LaserPointer/HoverMesh.uasset" 265
"../../../Engine/Content/VREditor/LaserPointer/LaserPointerMaterial.uasset" 266
"../../../Engine/Content/VREditor/LaserPointer/LaserPointerMaterialInst.uasset" 267
"../../../Engine/Content/VREditor/LaserPointer/TranslucentLaserPointerMaterialInst.uasset" 268
"../../../Engine/Content/VREditor/LaserPointer/LaserPointerMesh.uasset" 269
"../../../Engine/Content/VREditor/LaserPointer/LaserPointerMesh_End.uasset" 270
"../../../Engine/Content/VREditor/LaserPointer/LaserPointerMesh_Start.uasset" 271
"../../../Engine/Content/VREditor/Sounds/VR_teleport.uasset" 272
"../../../Engine/Content/VREditor/Sounds/UI/Click_on_Button.uasset" 273
"../../../Engine/Content/VREditor/Sounds/UI/Click_on_Button_Cue.uasset" 274
"../../../Engine/Content/VREditor/Sounds/UI/Dockable_Window_Close.uasset" 275
"../../../Engine/Content/VREditor/Sounds/UI/Dockable_Window_Drop.uasset" 276
"../../../Engine/Content/VREditor/Sounds/UI/Dockable_Window_Open.uasset" 277
"../../../Engine/Content/VREditor/Sounds/UI/Dockable_Window_Pick_Up.uasset" 278
"../../../Engine/Content/VREditor/Sounds/UI/Drop_Item_From_ContentBrowser.uasset" 279
"../../../Engine/Content/VREditor/Sounds/UI/Floating_UI_Open-001.uasset" 280
"../../../Engine/Content/VREditor/Sounds/UI/Radial_Menu_FadeOut.uasset" 281
"../../../Engine/Content/VREditor/Sounds/UI/Teleport_Mode_Entered.uasset" 282
"../../../Engine/Content/VREditor/Teleport/TeleportDirectionMaterial.uasset" 283
"../../../Engine/Content/VREditor/Teleport/TeleportDirectionMaterial_Inst.uasset" 284
"../../../Engine/Content/VREditor/Teleport/TeleportDirectionMesh.uasset" 285
"../../../Engine/Content/VREditor/TransformGizmo/BoundingBoxCorner.uasset" 286
"../../../Engine/Content/VREditor/TransformGizmo/BoundingBoxEdge.uasset" 287
"../../../Engine/Content/VREditor/TransformGizmo/PlaneTranslationHandle.uasset" 288
"../../../Engine/Content/VREditor/TransformGizmo/Main.uasset" 289
"../../../Engine/Content/VREditor/TransformGizmo/Xray.uasset" 290
"../../../Engine/Content/VREditor/TransformGizmo/SM_Dialog_Close.uasset" 291
"../../../Engine/Content/VREditor/TransformGizmo/SM_Dialog_Move.uasset" 292
"../../../Engine/Content/VREditor/TransformGizmo/SM_Sequencer_Key.uasset" 293
"../../../Engine/Content/VREditor/TransformGizmo/SM_Sequencer_Node.uasset" 294
"../../../Engine/Content/VREditor/TransformGizmo/TransformGizmoMaterial_Inst.uasset" 295
"../../../Engine/Content/VREditor/TransformGizmo/TranslucentTransformGizmoMaterial_Inst.uasset" 296
"../../../Engine/Content/VREditor/Devices/Vive/UE4_Logo.uasset" 297
"../../../Engine/Content/VREditor/UI/M_ContentWindow.uasset" 298
"../../../Engine/Content/VREditor/UI/SM_ContentWindow_01.uasset" 299
"../../../Engine/Content/VREditor/UI/KeyDiskMaterial.uasset" 300
"../../../Engine/Content/VREditor/UI/DiscMaterial.uasset" 301
"../../../Engine/Content/VREditor/UI/SM_Radial_Disk.uasset" 302
"../../../Engine/Content/VREditor/UI/ArrowMaterial.uasset" 303
"../../../Engine/Content/VREditor/UI/SM_Radial_Pointer.uasset" 304
"../../../Engine/Content/VREditor/WorldMovementGrid/SimpleGrid.uasset" 305
"../../../Engine/Content/VREditor/WorldMovementGrid/GridMaterial.uasset" 306
"../../../Engine/Content/Functions/Engine_MaterialFunctions01/Density/ExponentialDensity.uasset" 307
"../../../Engine/Content/VREditor/WorldMovementGrid/GridPostProcess.uasset" 308
"../../../Engine/Content/EditorLandscapeResources/FlattenHeightMat.uasset" 309
"../../../Engine/Content/VREditor/WorldMovementGrid/PlaneMesh.uasset" 310
"../../Plugins/2D/Paper2D/Content/PlaceholderTextures/DummySpriteTexture.uasset" 311
"../../Plugins/2D/Paper2D/Content/DummySprite.uasset" 312
"../../Plugins/2D/Paper2D/Content/DefaultPaperTerrainMaterial.uasset" 313
"../../Plugins/2D/Paper2D/Content/DefaultSpriteMaterial.uasset" 314
"../../Plugins/2D/Paper2D/Content/MaskedUnlitSpriteMaterial.uasset" 315
"../../Plugins/2D/Paper2D/Content/OpaqueUnlitSpriteMaterial.uasset" 316
"../../Plugins/Media/MediaCompositing/Content/DefaultMediaPlaneTexture.uasset" 317
"../../Plugins/Media/MediaCompositing/Content/DefaultMediaPlaneMaterial.uasset" 318
"../../../Engine/Content/Functions/Engine_MaterialFunctions02/Utility/MakeFloat4.uasset" 319
"../../Plugins/Runtime/AppleARKit/Content/ARKitCameraMaterial.uasset" 320
"../../Plugins/Runtime/Oculus/OculusVR/Content/Textures/GearVRController_AO.uasset" 321
"../../Plugins/Runtime/Oculus/OculusVR/Content/Textures/GearVRController_Color.uasset" 322
"../../Plugins/Runtime/Oculus/OculusVR/Content/Textures/GearVRController_Normal.uasset" 323
"../../Plugins/Runtime/Oculus/OculusVR/Content/Materials/GearVRControllerMaterial.uasset" 324
"../../Plugins/Runtime/Oculus/OculusVR/Content/Meshes/GearVrController.uasset" 325
"../../../../Projets/UnlessRunner/Content/ThirdPersonBP/Blueprints/MainMenuController.uasset" 326
"../../../../Projets/UnlessRunner/Content/Blueprints/MainMenuMode.uasset" 327
"../../../../Projets/UnlessRunner/Content/MainMenuLevel_BuiltData.uasset" 328
"../../../../Projets/UnlessRunner/Content/RunnerFiles/UI/MainMenu/Background.uasset" 329
"../../../../Projets/UnlessRunner/Content/RunnerFiles/UI/MainMenu/ExitButton.uasset" 330
"../../../../Projets/UnlessRunner/Content/RunnerFiles/UI/MainMenu/ExitButtonPressed.uasset" 331
"../../../../Projets/UnlessRunner/Content/RunnerFiles/UI/MainMenu/StartButton.uasset" 332
"../../../../Projets/UnlessRunner/Content/RunnerFiles/UI/MainMenu/StartButtonPressed.uasset" 333
"../../../../Projets/UnlessRunner/Content/RunnerFiles/UI/MainMenu/MainMenu.uasset" 334
"../../../../Projets/UnlessRunner/Content/MainMenuLevel.umap" 335
"../../../Engine/Content/EditorBlueprintResources/StandardMacros.uasset" 336
"../../../Engine/Content/EngineSky/C_Sky_Cloud_Color.uasset" 337
"../../../Engine/Content/EngineSky/C_Sky_Horizon_Color.uasset" 338
"../../../Engine/Content/EngineSky/C_Sky_Zenith_Color.uasset" 339
"../../../Engine/Content/EngineSky/T_Sky_Blue.uasset" 340
"../../../Engine/Content/EngineSky/T_Sky_Clouds_M.uasset" 341
"../../../Engine/Content/EngineSky/T_Sky_Stars.uasset" 342
"../../../Engine/Content/EngineSky/M_Sky_Panning_Clouds2.uasset" 343
"../../../Engine/Content/EngineSky/SM_SkySphere.uasset" 344
"../../../Engine/Content/EngineSky/BP_Sky_Sphere.uasset" 345
"../../../../Projets/UnlessRunner/Content/Mannequin/Animations/ThirdPersonJump_End.uasset" 346
"../../../../Projets/UnlessRunner/Content/Mannequin/Animations/ThirdPersonJump_Loop.uasset" 347
"../../../../Projets/UnlessRunner/Content/Mannequin/Animations/ThirdPersonJump_Start.uasset" 348
"../../../../Projets/UnlessRunner/Content/Mannequin/Animations/ThirdPersonIdle.uasset" 349
"../../../../Projets/UnlessRunner/Content/Mannequin/Animations/ThirdPersonRun.uasset" 350
"../../../../Projets/UnlessRunner/Content/Mannequin/Animations/ThirdPersonWalk.uasset" 351
"../../../../Projets/UnlessRunner/Content/Mannequin/Animations/ThirdPerson_IdleRun_2D.uasset" 352
"../../../../Projets/UnlessRunner/Content/Mannequin/Animations/ThirdPerson_AnimBP.uasset" 353
"../../../../Projets/UnlessRunner/Content/RunnerFiles/Blueprints/EndlessSaveGame.uasset" 354
"../../../Engine/Content/Functions/Engine_MaterialFunctions02/Utility/BlendAngleCorrectedNormals.uasset" 355
"../../../Engine/Content/Functions/MaterialLayerFunctions/MatLayerBlend_NormalBlend.uasset" 356
"../../../Engine/Content/Functions/MaterialLayerFunctions/MatLayerBlend_Simple.uasset" 357
"../../../../Projets/UnlessRunner/Content/Mannequin/Character/Materials/MaterialLayers/T_ML_Rubber_Blue_01_D.uasset" 358
"../../../../Projets/UnlessRunner/Content/Mannequin/Character/Materials/MaterialLayers/T_ML_Rubber_Blue_01_N.uasset" 359
"../../../../Projets/UnlessRunner/Content/Mannequin/Character/Materials/MaterialLayers/ML_GlossyBlack_Latex_UE4.uasset" 360
"../../../../Projets/UnlessRunner/Content/Mannequin/Character/Materials/MaterialLayers/ML_Plastic_Shiny_Beige.uasset" 361
"../../../../Projets/UnlessRunner/Content/Mannequin/Character/Textures/UE4_LOGO_CARD.uasset" 362
"../../../../Projets/UnlessRunner/Content/Mannequin/Character/Materials/MaterialLayers/ML_Plastic_Shiny_Beige_LOGO.uasset" 363
"../../../../Projets/UnlessRunner/Content/Mannequin/Character/Materials/MaterialLayers/T_ML_Aluminum01.uasset" 364
"../../../../Projets/UnlessRunner/Content/Mannequin/Character/Materials/MaterialLayers/T_ML_Aluminum01_N.uasset" 365
"../../../../Projets/UnlessRunner/Content/Mannequin/Character/Materials/MaterialLayers/ML_SoftMetal_UE4.uasset" 366
"../../../../Projets/UnlessRunner/Content/Mannequin/Character/Textures/T_UE4_Mannequin_Mobile_M.uasset" 367
"../../../../Projets/UnlessRunner/Content/Mannequin/Character/Textures/T_UE4_Mannequin_Mobile_N.uasset" 368
"../../../../Projets/UnlessRunner/Content/Mannequin/Character/Materials/M_UE4Man_Body.uasset" 369
"../../../../Projets/UnlessRunner/Content/Mannequin/Character/Textures/UE4Man_Logo_N.uasset" 370
"../../../../Projets/UnlessRunner/Content/Mannequin/Character/Materials/M_UE4Man_ChestLogo.uasset" 371
"../../../../Projets/UnlessRunner/Content/Mannequin/Character/Mesh/SK_Mannequin_Physics.uasset" 372
"../../../../Projets/UnlessRunner/Content/Mannequin/Character/Mesh/SK_Mannequin.uasset" 373
"../../../../Projets/UnlessRunner/Content/RunnerFiles/UI/HUD/ContinueButton.uasset" 374
"../../../../Projets/UnlessRunner/Content/RunnerFiles/UI/HUD/ContinueHovered.uasset" 375
"../../../../Projets/UnlessRunner/Content/RunnerFiles/UI/HUD/LeaveButton.uasset" 376
"../../../../Projets/UnlessRunner/Content/RunnerFiles/UI/HUD/LeaveHovered.uasset" 377
"../../../../Projets/UnlessRunner/Content/RunnerFiles/Blueprints/Pause.uasset" 378
"../../../../Projets/UnlessRunner/Content/RunnerFiles/UI/EndGame/CoinsIcon.uasset" 379
"../../../../Projets/UnlessRunner/Content/RunnerFiles/UI/EndGame/HighscoreIcon.uasset" 380
"../../../../Projets/UnlessRunner/Content/RunnerFiles/UI/EndGame/ScoreIcon.uasset" 381
"../../../../Projets/UnlessRunner/Content/RunnerFiles/UI/HUD/Pause.uasset" 382
"../../../../Projets/UnlessRunner/Content/RunnerFiles/Blueprints/RunnerHUD.uasset" 383
"../../../../Projets/UnlessRunner/Content/RunnerFiles/UI/EndGame/GameOver.uasset" 384
"../../../../Projets/UnlessRunner/Content/RunnerFiles/UI/EndGame/MenuButton.uasset" 385
"../../../../Projets/UnlessRunner/Content/RunnerFiles/UI/EndGame/MenuHovered.uasset" 386
"../../../../Projets/UnlessRunner/Content/RunnerFiles/UI/EndGame/RestartButton.uasset" 387
"../../../../Projets/UnlessRunner/Content/RunnerFiles/UI/EndGame/RestartHovered.uasset" 388
"../../../../Projets/UnlessRunner/Content/RunnerFiles/UI/EndGame/GameOver_Screen.uasset" 389
"../../../../Projets/UnlessRunner/Content/ThirdPersonBP/Blueprints/ThirdPersonCharacter.uasset" 390
"../../../../Projets/UnlessRunner/Content/RunnerFiles/Meshes/BootsMat.uasset" 391
"../../../../Projets/UnlessRunner/Content/RunnerFiles/Meshes/Boot01Mat.uasset" 392
"../../../../Projets/UnlessRunner/Content/RunnerFiles/Meshes/BootsPickup.uasset" 393
"../../../../Projets/UnlessRunner/Content/RunnerFiles/Blueprints/Boots_Pickup.uasset" 394
"../../../../Projets/UnlessRunner/Content/RunnerFiles/Meshes/KineticEnergy.uasset" 395
"../../../../Projets/UnlessRunner/Content/RunnerFiles/Meshes/pickup_kineticEnergy.uasset" 396
"../../../../Projets/UnlessRunner/Content/RunnerFiles/SFX/Pickup_SFX.uasset" 397
"../../../../Projets/UnlessRunner/Content/RunnerFiles/Blueprints/Coin_Pickup.uasset" 398
"../../../../Projets/UnlessRunner/Content/RunnerFiles/Meshes/MagnetRed.uasset" 399
"../../../../Projets/UnlessRunner/Content/RunnerFiles/Meshes/MagnetWhite2.uasset" 400
"../../../../Projets/UnlessRunner/Content/RunnerFiles/Meshes/Magnet.uasset" 401
"../../../../Projets/UnlessRunner/Content/RunnerFiles/Blueprints/Magnet_Pickup.uasset" 402
"../../../../Projets/UnlessRunner/Content/RunnerFiles/Meshes/Crate_Diffuse.uasset" 403
"../../../../Projets/UnlessRunner/Content/RunnerFiles/Meshes/Material.uasset" 404
"../../../../Projets/UnlessRunner/Content/RunnerFiles/Meshes/box.uasset" 405
"../../../../Projets/UnlessRunner/Content/RunnerFiles/Blueprints/Obastacles_box.uasset" 406
"../../../../Projets/UnlessRunner/Content/RunnerFiles/Meshes/PipeConnector.uasset" 407
"../../../../Projets/UnlessRunner/Content/RunnerFiles/Meshes/PipeRed.uasset" 408
"../../../../Projets/UnlessRunner/Content/RunnerFiles/Meshes/Low_Obstacles_Pipes.uasset" 409
"../../../../Projets/UnlessRunner/Content/RunnerFiles/Blueprints/Obastacles_pipe.uasset" 410
"../../../../Projets/UnlessRunner/Content/RunnerFiles/Tiles/FloorTile_Diff.uasset" 411
"../../../../Projets/UnlessRunner/Content/RunnerFiles/Tiles/FloorTile_EM.uasset" 412
"../../../../Projets/UnlessRunner/Content/RunnerFiles/Tiles/FloorTile_Nrm.uasset" 413
"../../../../Projets/UnlessRunner/Content/RunnerFiles/Tiles/FloorTile_Mat.uasset" 414
"../../../Engine/Content/BasicShapes/Cube.uasset" 415
"../../../../Projets/UnlessRunner/Content/RunnerFiles/Blueprints/FirstTile.uasset" 416
"../../../../Projets/UnlessRunner/Content/RunnerFiles/Blueprints/MasterTile.uasset" 417
"../../../../Projets/UnlessRunner/Content/ThirdPersonBP/Blueprints/ThirdPersonGameMode.uasset" 418
"../../../../Projets/UnlessRunner/Content/RunnerLevel_BuiltData.uasset" 419
"../../../../Projets/UnlessRunner/Content/RunnerLevel.umap" 420
"../../../../Projets/UnlessRunner/Content/MobileStarterContent/Maps/Minimal_Default_BuiltData.uasset" 421
"../../../../Projets/UnlessRunner/Content/MobileStarterContent/Materials/M_Basic_Floor.uasset" 422
"../../../../Projets/UnlessRunner/Content/MobileStarterContent/Architecture/Floor_400x400.uasset" 423
"../../../../Projets/UnlessRunner/Content/MobileStarterContent/Props/SM_Chair.uasset" 424
"../../../../Projets/UnlessRunner/Content/MobileStarterContent/Textures/T_Statue_M.uasset" 425
"../../../../Projets/UnlessRunner/Content/MobileStarterContent/Textures/T_Statue_N.uasset" 426
"../../../../Projets/UnlessRunner/Content/MobileStarterContent/Props/Materials/M_Statue.uasset" 427
"../../../../Projets/UnlessRunner/Content/MobileStarterContent/Props/Materials/M_StatueGlass.uasset" 428
"../../../../Projets/UnlessRunner/Content/MobileStarterContent/Props/SM_Statue.uasset" 429
"../../../../Projets/UnlessRunner/Content/MobileStarterContent/Textures/T_TableRound_M.uasset" 430
"../../../../Projets/UnlessRunner/Content/MobileStarterContent/Textures/T_TableRound_N.uasset" 431
"../../../../Projets/UnlessRunner/Content/MobileStarterContent/Props/Materials/M_TableRound.uasset" 432
"../../../../Projets/UnlessRunner/Content/MobileStarterContent/Props/SM_TableRound.uasset" 433
"../../../../Projets/UnlessRunner/Content/MobileStarterContent/Maps/Minimal_Default.umap" 434
"../../../../Projets/UnlessRunner/Content/MobileStarterContent/Audio/Fire01.uasset" 435
"../../../../Projets/UnlessRunner/Content/MobileStarterContent/Audio/Fire01_Cue.uasset" 436
"../../../../Projets/UnlessRunner/Content/MobileStarterContent/Textures/T_Fire_SubUV.uasset" 437
"../../../../Projets/UnlessRunner/Content/MobileStarterContent/Textures/T_Fire_Tiled_D.uasset" 438
"../../../../Projets/UnlessRunner/Content/MobileStarterContent/Particles/Materials/M_Fire_SubUV.uasset" 439
"../../../../Projets/UnlessRunner/Content/MobileStarterContent/Particles/Materials/M_Radial_Gradient.uasset" 440
"../../../../Projets/UnlessRunner/Content/MobileStarterContent/Particles/P_Fire.uasset" 441
"../../../../Projets/UnlessRunner/Content/MobileStarterContent/Blueprints/Blueprint_Effect_Fire.uasset" 442
"../../../../Projets/UnlessRunner/Content/MobileStarterContent/Audio/Smoke01.uasset" 443
"../../../../Projets/UnlessRunner/Content/MobileStarterContent/Audio/Smoke01_Cue.uasset" 444
"../../../../Projets/UnlessRunner/Content/MobileStarterContent/Particles/P_Smoke.uasset" 445
"../../../../Projets/UnlessRunner/Content/MobileStarterContent/Blueprints/Blueprint_Effect_Smoke.uasset" 446
"../../../../Projets/UnlessRunner/Content/MobileStarterContent/Audio/Fire_Sparks01.uasset" 447
"../../../../Projets/UnlessRunner/Content/MobileStarterContent/Audio/Fire_Sparks01_Cue.uasset" 448
"../../../../Projets/UnlessRunner/Content/MobileStarterContent/Textures/T_Spark_Core.uasset" 449
"../../../../Projets/UnlessRunner/Content/MobileStarterContent/Particles/Materials/M_Spark.uasset" 450
"../../../../Projets/UnlessRunner/Content/MobileStarterContent/Particles/P_Sparks.uasset" 451
"../../../../Projets/UnlessRunner/Content/MobileStarterContent/Blueprints/Blueprint_Effect_Sparks.uasset" 452
"../../../../Projets/UnlessRunner/Content/MobileStarterContent/Textures/T_Lamp_M.uasset" 453
"../../../../Projets/UnlessRunner/Content/MobileStarterContent/Textures/T_Lamp_N.uasset" 454
"../../../../Projets/UnlessRunner/Content/MobileStarterContent/Props/Materials/M_Lamp.uasset" 455
"../../../../Projets/UnlessRunner/Content/MobileStarterContent/Props/SM_Lamp_Ceiling.uasset" 456
"../../../../Projets/UnlessRunner/Content/MobileStarterContent/Blueprints/Blueprint_CeilingLight.uasset" 457
"../../../../Projets/UnlessRunner/Content/MobileStarterContent/Props/SM_Lamp_Wall.uasset" 458
"../../../../Projets/UnlessRunner/Content/MobileStarterContent/Blueprints/Blueprint_WallSconce.uasset" 459
"../../../../Projets/UnlessRunner/Content/MobileStarterContent/Maps/StarterMap_BuiltData.uasset" 460
"../../../../Projets/UnlessRunner/Content/MobileStarterContent/Textures/T_Brick_Clay_Beveled_D.uasset" 461
"../../../../Projets/UnlessRunner/Content/MobileStarterContent/Textures/T_Brick_Clay_Beveled_M.uasset" 462
"../../../../Projets/UnlessRunner/Content/MobileStarterContent/Textures/T_Brick_Clay_Beveled_N.uasset" 463
"../../../../Projets/UnlessRunner/Content/MobileStarterContent/Materials/M_Brick_Clay_Beveled.uasset" 464
"../../../../Projets/UnlessRunner/Content/MobileStarterContent/Textures/T_Brick_Clay_New_D.uasset" 465
"../../../../Projets/UnlessRunner/Content/MobileStarterContent/Textures/T_Brick_Clay_New_M.uasset" 466
"../../../../Projets/UnlessRunner/Content/MobileStarterContent/Textures/T_Brick_Clay_New_N.uasset" 467
"../../../../Projets/UnlessRunner/Content/MobileStarterContent/Materials/M_Brick_Clay_New.uasset" 468
"../../../../Projets/UnlessRunner/Content/MobileStarterContent/Textures/T_Brick_Clay_Old_D.uasset" 469
"../../../../Projets/UnlessRunner/Content/MobileStarterContent/Textures/T_Brick_Clay_Old_N.uasset" 470
"../../../../Projets/UnlessRunner/Content/MobileStarterContent/Materials/M_Brick_Clay_Old.uasset" 471
"../../../../Projets/UnlessRunner/Content/MobileStarterContent/Textures/T_Brick_Cut_Stone_D.uasset" 472
"../../../../Projets/UnlessRunner/Content/MobileStarterContent/Textures/T_Brick_Cut_Stone_N.uasset" 473
"../../../../Projets/UnlessRunner/Content/MobileStarterContent/Materials/M_Brick_Cut_Stone.uasset" 474
"../../../../Projets/UnlessRunner/Content/MobileStarterContent/Textures/T_Brick_Hewn_Stone_D.uasset" 475
"../../../../Projets/UnlessRunner/Content/MobileStarterContent/Textures/T_Brick_Hewn_Stone_M.uasset" 476
"../../../../Projets/UnlessRunner/Content/MobileStarterContent/Textures/T_Brick_Hewn_Stone_N.uasset" 477
"../../../../Projets/UnlessRunner/Content/MobileStarterContent/Materials/M_Brick_Hewn_Stone.uasset" 478
"../../../../Projets/UnlessRunner/Content/MobileStarterContent/Textures/T_Ceramic_Tile_M.uasset" 479
"../../../../Projets/UnlessRunner/Content/MobileStarterContent/Textures/T_Ceramic_Tile_N.uasset" 480
"../../../../Projets/UnlessRunner/Content/MobileStarterContent/Textures/T_Rock_Marble_Polished_D.uasset" 481
"../../../../Projets/UnlessRunner/Content/MobileStarterContent/Materials/M_Ceramic_Tile_Checker.uasset" 482
"../../../../Projets/UnlessRunner/Content/MobileStarterContent/Textures/T_CobbleStone_Pebble_D.uasset" 483
"../../../../Projets/UnlessRunner/Content/MobileStarterContent/Textures/T_CobbleStone_Pebble_N.uasset" 484
"../../../../Projets/UnlessRunner/Content/MobileStarterContent/Materials/M_CobbleStone_Pebble.uasset" 485
"../../../../Projets/UnlessRunner/Content/MobileStarterContent/Textures/T_CobbleStone_Rough_D.uasset" 486
"../../../../Projets/UnlessRunner/Content/MobileStarterContent/Textures/T_CobbleStone_Rough_N.uasset" 487
"../../../../Projets/UnlessRunner/Content/MobileStarterContent/Materials/M_CobbleStone_Rough.uasset" 488
"../../../../Projets/UnlessRunner/Content/MobileStarterContent/Textures/T_CobbleStone_Smooth_D.uasset" 489
"../../../../Projets/UnlessRunner/Content/MobileStarterContent/Textures/T_CobbleStone_Smooth_M.uasset" 490
"../../../../Projets/UnlessRunner/Content/MobileStarterContent/Textures/T_CobbleStone_Smooth_N.uasset" 491
"../../../../Projets/UnlessRunner/Content/MobileStarterContent/Materials/M_CobbleStone_Smooth.uasset" 492
"../../../../Projets/UnlessRunner/Content/MobileStarterContent/Textures/T_Concrete_Grime_D.uasset" 493
"../../../../Projets/UnlessRunner/Content/MobileStarterContent/Textures/T_Metal_Rust_N.uasset" 494
"../../../../Projets/UnlessRunner/Content/MobileStarterContent/Materials/M_Concrete_Grime.uasset" 495
"../../../../Projets/UnlessRunner/Content/MobileStarterContent/Textures/T_Concrete_Panels_D.uasset" 496
"../../../../Projets/UnlessRunner/Content/MobileStarterContent/Textures/T_Concrete_Panels_N.uasset" 497
"../../../../Projets/UnlessRunner/Content/MobileStarterContent/Materials/M_Concrete_Panels.uasset" 498
"../../../../Projets/UnlessRunner/Content/MobileStarterContent/Textures/T_Concrete_Poured_D.uasset" 499
"../../../../Projets/UnlessRunner/Content/MobileStarterContent/Textures/T_Concrete_Poured_N.uasset" 500
"../../../../Projets/UnlessRunner/Content/MobileStarterContent/Materials/M_Concrete_Poured.uasset" 501
"../../../../Projets/UnlessRunner/Content/MobileStarterContent/Textures/T_Concrete_Tiles_D.uasset" 502
"../../../../Projets/UnlessRunner/Content/MobileStarterContent/Textures/T_Concrete_Tiles_M.uasset" 503
"../../../../Projets/UnlessRunner/Content/MobileStarterContent/Textures/T_Concrete_Tiles_N.uasset" 504
"../../../../Projets/UnlessRunner/Content/MobileStarterContent/Materials/M_Concrete_Tiles.uasset" 505
"../../../../Projets/UnlessRunner/Content/MobileStarterContent/Textures/T_Ground_Grass_D.uasset" 506
"../../../../Projets/UnlessRunner/Content/MobileStarterContent/Textures/T_Ground_Grass_N.uasset" 507
"../../../../Projets/UnlessRunner/Content/MobileStarterContent/Materials/M_Ground_Grass.uasset" 508
"../../../../Projets/UnlessRunner/Content/MobileStarterContent/Textures/T_Ground_Gravel_D.uasset" 509
"../../../../Projets/UnlessRunner/Content/MobileStarterContent/Textures/T_Ground_Gravel_N.uasset" 510
"../../../../Projets/UnlessRunner/Content/MobileStarterContent/Materials/M_Ground_Gravel.uasset" 511
"../../../../Projets/UnlessRunner/Content/MobileStarterContent/Textures/T_ground_Moss_D.uasset" 512
"../../../../Projets/UnlessRunner/Content/MobileStarterContent/Textures/T_Ground_Moss_N.uasset" 513
"../../../../Projets/UnlessRunner/Content/MobileStarterContent/Materials/M_Ground_Moss.uasset" 514
"../../../../Projets/UnlessRunner/Content/MobileStarterContent/Textures/T_MacroVariation.uasset" 515
"../../../../Projets/UnlessRunner/Content/MobileStarterContent/Materials/M_Metal_Brushed_Nickel.uasset" 516
"../../../../Projets/UnlessRunner/Content/MobileStarterContent/Textures/T_Metal_Aluminum_D.uasset" 517
"../../../../Projets/UnlessRunner/Content/MobileStarterContent/Textures/T_Metal_Gold_N.uasset" 518
"../../../../Projets/UnlessRunner/Content/MobileStarterContent/Materials/M_Metal_Burnished_Steel.uasset" 519
"../../../../Projets/UnlessRunner/Content/MobileStarterContent/Materials/M_Metal_Chrome.uasset" 520
"../../../../Projets/UnlessRunner/Content/MobileStarterContent/Textures/T_Metal_Copper_D.uasset" 521
"../../../../Projets/UnlessRunner/Content/MobileStarterContent/Materials/M_Metal_Copper.uasset" 522
"../../../../Projets/UnlessRunner/Content/MobileStarterContent/Textures/T_Metal_Gold_D.uasset" 523
"../../../../Projets/UnlessRunner/Content/MobileStarterContent/Materials/M_Metal_Gold.uasset" 524
"../../../../Projets/UnlessRunner/Content/MobileStarterContent/Textures/T_Metal_Rust_D.uasset" 525
"../../../../Projets/UnlessRunner/Content/MobileStarterContent/Materials/M_Metal_Rust.uasset" 526
"../../../../Projets/UnlessRunner/Content/MobileStarterContent/Textures/T_Metal_Steel_D.uasset" 527
"../../../../Projets/UnlessRunner/Content/MobileStarterContent/Textures/T_Metal_Steel_N.uasset" 528
"../../../../Projets/UnlessRunner/Content/MobileStarterContent/Materials/M_Metal_Steel.uasset" 529
"../../../../Projets/UnlessRunner/Content/MobileStarterContent/Textures/T_Rock_Basalt_N.uasset" 530
"../../../../Projets/UnlessRunner/Content/MobileStarterContent/Materials/M_Rock_Basalt.uasset" 531
"../../../../Projets/UnlessRunner/Content/MobileStarterContent/Materials/M_Rock_Marble_Polished.uasset" 532
"../../../../Projets/UnlessRunner/Content/MobileStarterContent/Textures/T_Rock_Sandstone_D.uasset" 533
"../../../../Projets/UnlessRunner/Content/MobileStarterContent/Textures/T_Rock_Sandstone_N.uasset" 534
"../../../../Projets/UnlessRunner/Content/MobileStarterContent/Materials/M_Rock_Sandstone.uasset" 535
"../../../../Projets/UnlessRunner/Content/MobileStarterContent/Textures/T_Rock_Slate_D.uasset" 536
"../../../../Projets/UnlessRunner/Content/MobileStarterContent/Textures/T_Rock_Slate_N.uasset" 537
"../../../../Projets/UnlessRunner/Content/MobileStarterContent/Materials/M_Rock_Slate.uasset" 538
"../../../../Projets/UnlessRunner/Content/MobileStarterContent/Textures/T_Checker_Noise_M.uasset" 539
"../../../../Projets/UnlessRunner/Content/MobileStarterContent/Textures/T_Single_Tile_N.uasset" 540
"../../../../Projets/UnlessRunner/Content/MobileStarterContent/Textures/T_Tech_Dot_M.uasset" 541
"../../../../Projets/UnlessRunner/Content/MobileStarterContent/Textures/T_Tech_Dot_N.uasset" 542
"../../../../Projets/UnlessRunner/Content/MobileStarterContent/Materials/M_Tech_Checker_Dot.uasset" 543
"../../../../Projets/UnlessRunner/Content/MobileStarterContent/Textures/T_Tech_Hex_Tile_M.uasset" 544
"../../../../Projets/UnlessRunner/Content/MobileStarterContent/Textures/T_Tech_Hex_Tile_N.uasset" 545
"../../../../Projets/UnlessRunner/Content/MobileStarterContent/Materials/M_Tech_Hex_Tile.uasset" 546
"../../../../Projets/UnlessRunner/Content/MobileStarterContent/Materials/M_Tech_Hex_Tile_Pulse.uasset" 547
"../../../../Projets/UnlessRunner/Content/MobileStarterContent/Textures/T_Tech_Panel_M.uasset" 548
"../../../../Projets/UnlessRunner/Content/MobileStarterContent/Textures/T_Tech_Panel_N.uasset" 549
"../../../../Projets/UnlessRunner/Content/MobileStarterContent/Materials/M_Tech_Panel.uasset" 550
"../../../../Projets/UnlessRunner/Content/MobileStarterContent/Textures/T_Water_N.uasset" 551
"../../../../Projets/UnlessRunner/Content/MobileStarterContent/Materials/M_Water_Lake.uasset" 552
"../../../../Projets/UnlessRunner/Content/MobileStarterContent/Textures/T_Water_M.uasset" 553
"../../../../Projets/UnlessRunner/Content/MobileStarterContent/Materials/M_Water_Ocean.uasset" 554
"../../../../Projets/UnlessRunner/Content/MobileStarterContent/Textures/T_Wood_Floor_Walnut_D.uasset" 555
"../../../../Projets/UnlessRunner/Content/MobileStarterContent/Textures/T_Wood_Floor_Walnut_M.uasset" 556
"../../../../Projets/UnlessRunner/Content/MobileStarterContent/Textures/T_Wood_Floor_Walnut_N.uasset" 557
"../../../../Projets/UnlessRunner/Content/MobileStarterContent/Materials/M_Wood_Floor_Walnut_Polished.uasset" 558
"../../../../Projets/UnlessRunner/Content/MobileStarterContent/Materials/M_Wood_Floor_Walnut_Worn.uasset" 559
"../../../../Projets/UnlessRunner/Content/MobileStarterContent/Textures/T_Wood_Oak_D.uasset" 560
"../../../../Projets/UnlessRunner/Content/MobileStarterContent/Textures/T_Wood_Oak_N.uasset" 561
"../../../../Projets/UnlessRunner/Content/MobileStarterContent/Materials/M_Wood_Oak.uasset" 562
"../../../../Projets/UnlessRunner/Content/MobileStarterContent/Textures/T_Wood_Pine_D.uasset" 563
"../../../../Projets/UnlessRunner/Content/MobileStarterContent/Textures/T_Wood_Pine_N.uasset" 564
"../../../../Projets/UnlessRunner/Content/MobileStarterContent/Materials/M_Wood_Pine.uasset" 565
"../../../../Projets/UnlessRunner/Content/MobileStarterContent/Textures/T_Wood_Walnut_D.uasset" 566
"../../../../Projets/UnlessRunner/Content/MobileStarterContent/Textures/T_Wood_Walnut_N.uasset" 567
"../../../../Projets/UnlessRunner/Content/MobileStarterContent/Materials/M_Wood_Walnut.uasset" 568
"../../../../Projets/UnlessRunner/Content/MobileStarterContent/Architecture/Wall_400x200.uasset" 569
"../../../../Projets/UnlessRunner/Content/MobileStarterContent/Architecture/Wall_Door_400x300.uasset" 570
"../../../../Projets/UnlessRunner/Content/MobileStarterContent/Architecture/Wall_Window_400x300.uasset" 571
"../../../../Projets/UnlessRunner/Content/MobileStarterContent/Audio/Collapse01.uasset" 572
"../../../../Projets/UnlessRunner/Content/MobileStarterContent/Audio/Collapse02.uasset" 573
"../../../../Projets/UnlessRunner/Content/MobileStarterContent/Audio/Collapse_Cue.uasset" 574
"../../../../Projets/UnlessRunner/Content/MobileStarterContent/Audio/Starter_Birds01.uasset" 575
"../../../../Projets/UnlessRunner/Content/MobileStarterContent/Audio/Starter_Wind05.uasset" 576
"../../../../Projets/UnlessRunner/Content/MobileStarterContent/Audio/Starter_Wind06.uasset" 577
"../../../../Projets/UnlessRunner/Content/MobileStarterContent/Audio/Starter_Background_Cue.uasset" 578
"../../../../Projets/UnlessRunner/Content/MobileStarterContent/Audio/Starter_Music01.uasset" 579
"../../../../Projets/UnlessRunner/Content/MobileStarterContent/Audio/Starter_Music_Cue.uasset" 580
"../../../../Projets/UnlessRunner/Content/MobileStarterContent/Textures/T_Dust_Particle_D.uasset" 581
"../../../../Projets/UnlessRunner/Content/MobileStarterContent/Particles/Materials/M_Dust_Particle.uasset" 582
"../../../../Projets/UnlessRunner/Content/MobileStarterContent/Particles/P_Ambient_Dust.uasset" 583
"../../../../Projets/UnlessRunner/Content/MobileStarterContent/Props/MaterialSphere.uasset" 584
"../../../../Projets/UnlessRunner/Content/MobileStarterContent/Textures/T_Frame_M.uasset" 585
"../../../../Projets/UnlessRunner/Content/MobileStarterContent/Textures/T_Frame_N.uasset" 586
"../../../../Projets/UnlessRunner/Content/MobileStarterContent/Props/Materials/M_Frame.uasset" 587
"../../../../Projets/UnlessRunner/Content/MobileStarterContent/Props/SM_CornerFrame.uasset" 588
"../../../../Projets/UnlessRunner/Content/MobileStarterContent/Props/SM_DoorFrame.uasset" 589
"../../../../Projets/UnlessRunner/Content/MobileStarterContent/Props/SM_GlassWindow.uasset" 590
"../../../../Projets/UnlessRunner/Content/MobileStarterContent/Props/SM_PillarFrame.uasset" 591
"../../../../Projets/UnlessRunner/Content/MobileStarterContent/Props/SM_PillarFrame300.uasset" 592
"../../../../Projets/UnlessRunner/Content/MobileStarterContent/Props/SM_WindowFrame.uasset" 593
"../../../../Projets/UnlessRunner/Content/MobileStarterContent/Shapes/Shape_Cube.uasset" 594
"../../../../Projets/UnlessRunner/Content/MobileStarterContent/Shapes/Shape_QuadPyramid.uasset" 595
"../../../../Projets/UnlessRunner/Content/MobileStarterContent/Shapes/Shape_Sphere.uasset" 596
"../../../../Projets/UnlessRunner/Content/MobileStarterContent/Maps/StarterMap.umap" 597
"../../../../Projets/UnlessRunner/Content/ThirdPersonBP/Maps/ThirdPersonExampleMap_BuiltData.uasset" 598
"../../../../Projets/UnlessRunner/Content/Geometry/Meshes/CubeMaterial.uasset" 599
"../../../../Projets/UnlessRunner/Content/Geometry/Meshes/1M_Cube.uasset" 600
"../../../../Projets/UnlessRunner/Content/Geometry/Meshes/1M_Cube_Chamfer.uasset" 601
"../../../../Projets/UnlessRunner/Content/Geometry/Meshes/TemplateFloor.uasset" 602
"../../../../Projets/UnlessRunner/Content/ThirdPerson/Meshes/LeftArm_StaticMesh.uasset" 603
"../../../../Projets/UnlessRunner/Content/ThirdPerson/Meshes/Ramp_StaticMesh.uasset" 604
"../../../../Projets/UnlessRunner/Content/ThirdPersonBP/Maps/ThirdPersonExampleMap.umap" 605
"../../../Engine/Content/Maps/Entry.umap" 606
